{
  "timestamp": "2021-08-03 16:36:52.806562",
  "device_info": {
    "serial_number": "ACoARjdTUA0gMjlC",
    "model": "600",
    "git_hash": "33ce490dd994e5008ae6fe8a5d8dd079a4848503",
    "git_dirty": false,
    "git_timestamp": 1620087252,
    "uuid": "169c72b6-02a2-498f-b1e6-bee83219dd2f"
  },
  "calibration": {
    "invert": false,
    "phase_invert": false,
    "poles": 14,
    "offset": [
      2.461852068759401,
      2.4504320355361218,
      2.4571036779471713,
      2.4640329792251316,
      2.472092884396936,
      2.4647029411857218,
      2.457338236845255,
      2.461920177782806,
      2.4648005239767397,
      2.47969179771597,
      2.4841882447324948,
      2.4796548770862383,
      2.4932486539194074,
      2.508446565641947,
      2.5223725993469164,
      2.536305570478856,
      2.5317925091858915,
      2.5311142728565157,
      2.5444636053121314,
      2.5524279761168946,
      2.555208824640935,
      2.55056707819507,
      2.5361600591481204,
      2.5358751293586526,
      2.5387944240420324,
      2.541939225046024,
      2.5266953226990703,
      2.5076745631836084,
      2.496408125294432,
      2.487891976535055,
      2.4895743505334584,
      2.4850842189244413,
      2.46435604045656,
      2.451629543908192,
      2.4518411352573395,
      2.4464675424216606,
      2.4507360049247215,
      2.441323317343304,
      2.421600079361821,
      2.422433414642806,
      2.424868059257616,
      2.4286648099416173,
      2.4294356284853587,
      2.423648606700746,
      2.423965205741609,
      2.4334780349138376,
      2.4480167439821785,
      2.4562527698803605,
      2.453153433153349,
      2.458229243505176,
      2.4661437039303817,
      2.476661830651561,
      2.490464756738636,
      2.483014427438166,
      2.470807287895783,
      2.480838317332289,
      2.4793685420100293,
      2.48576884851959,
      2.4857387304859246,
      2.46465201621953,
      2.45805633734153,
      2.4628073311050427,
      2.465589735134589,
      2.466594385938117
    ]
  },
  "winding_resistance": 0.3299698825684684,
  "inductance": 0.0006817044729561418,
  "pid_dq_kp": 0.2,
  "pid_dq_ki": 96.80731039876788,
  "torque_bw_hz": 46.693237144751656,
  "encoder_filter_bw_hz": 100,
  "encoder_filter_kp": 1256.6370614359173,
  "encoder_filter_ki": 394784.17604357435,
  "v_per_hz": 0.3935642750775102,
  "kv": 76.22643085196611,
  "unwrapped_position_scale": 1.0
}
