{
  "timestamp": "2021-07-29 04:40:45.573972",
  "device_info": {
    "serial_number": "AEUARzdTUA0gMjlC",
    "model": "600",
    "git_hash": "33ce490dd994e5008ae6fe8a5d8dd079a4848503",
    "git_dirty": false,
    "git_timestamp": 1620087252,
    "uuid": "f74050cd-d8ae-405b-bba2-76605330beb8"
  },
  "calibration": {
    "invert": false,
    "phase_invert": false,
    "poles": 14,
    "offset": [
      -1.7917057148678615,
      -1.790663010389771,
      -1.8008801026534602,
      -1.7964744516088769,
      -1.7933835210297122,
      -1.7877386941596138,
      -1.7777455165062257,
      -1.7883778044360612,
      -1.7987665092341691,
      -1.7973940116008011,
      -1.7909916623281648,
      -1.7865889615118937,
      -1.78423094979368,
      -1.790041478718883,
      -1.7942562269169107,
      -1.7880324263811576,
      -1.7836645042018557,
      -1.7891635021159353,
      -1.7969835617835144,
      -1.7991141247077278,
      -1.8028164408813712,
      -1.7945034810036065,
      -1.7871240443605525,
      -1.7976936752782449,
      -1.8020112546673577,
      -1.802338034272601,
      -1.8039672018345472,
      -1.7987173485616206,
      -1.8022322670152229,
      -1.8132733697926362,
      -1.8127332815850443,
      -1.805380806099768,
      -1.80310780664658,
      -1.8025771395043404,
      -1.8116215174595989,
      -1.8203605808614762,
      -1.8195193991535206,
      -1.8115169180048525,
      -1.8086156149263746,
      -1.8136928287167156,
      -1.8125794803953885,
      -1.815978293545438,
      -1.8105941095739073,
      -1.8025340717192468,
      -1.8119553313119752,
      -1.8232323552913214,
      -1.8217749237834602,
      -1.8197295101477418,
      -1.8113180363467976,
      -1.8056695194375252,
      -1.8160781623023612,
      -1.8201213659739772,
      -1.8143071402403914,
      -1.8107988990078632,
      -1.8077273187159921,
      -1.8111744365416098,
      -1.8160806630892203,
      -1.81402968869238,
      -1.7983011022562885,
      -1.7875477714514074,
      -1.792894882386803,
      -1.7973175952946758,
      -1.8026029905150127,
      -1.8016783225269424
    ]
  },
  "winding_resistance": 1.2996504180531645,
  "inductance": 0.0006179782183903614,
  "pid_dq_kp": 0.2,
  "pid_dq_ki": 420.61366545841844,
  "torque_bw_hz": 51.508269500644815,
  "encoder_filter_bw_hz": 103.01653900128963,
  "encoder_filter_kp": 1294.5440084987915,
  "encoder_filter_ki": 418961.0474850298,
  "v_per_hz": 0.39709279712857387,
  "kv": 75.54909133817998,
  "unwrapped_position_scale": 1.0
}
