{
  "timestamp": "2021-08-03 16:35:51.656533",
  "device_info": {
    "serial_number": "AEUARzdTUA0gMjlC",
    "model": "600",
    "git_hash": "33ce490dd994e5008ae6fe8a5d8dd079a4848503",
    "git_dirty": false,
    "git_timestamp": 1620087252,
    "uuid": "f74050cd-d8ae-405b-bba2-76605330beb8"
  },
  "calibration": {
    "invert": false,
    "phase_invert": false,
    "poles": 14,
    "offset": [
      -1.7955411615976562,
      -1.7933134164357258,
      -1.8037660510292792,
      -1.8007762922881143,
      -1.797321287826499,
      -1.7910235956501048,
      -1.7807543621525521,
      -1.7890321787964287,
      -1.7980249865339968,
      -1.7960387235776274,
      -1.7897670673862558,
      -1.7839540924802268,
      -1.7804391613582804,
      -1.785552637163369,
      -1.7898274837418529,
      -1.78383882225438,
      -1.778739452601093,
      -1.7831737185513665,
      -1.790709728527546,
      -1.794677798461307,
      -1.797178370183326,
      -1.7900901064463848,
      -1.7826624673218554,
      -1.79361020312889,
      -1.7966087141896483,
      -1.7970779662175376,
      -1.7975173206685096,
      -1.791219754789574,
      -1.7939175387937436,
      -1.8031719165213003,
      -1.8029100615222222,
      -1.7961856565137244,
      -1.7943038046286397,
      -1.793169686835305,
      -1.8017214107850643,
      -1.8112427057657599,
      -1.812163997984245,
      -1.8051573211296228,
      -1.8041015330527226,
      -1.8111351061644017,
      -1.8111762082751266,
      -1.814508912015844,
      -1.8094169962364692,
      -1.8014140186196568,
      -1.8106594975493011,
      -1.820597605819066,
      -1.819055572777241,
      -1.8169089043377886,
      -1.8079250811163405,
      -1.8015267844236664,
      -1.8131167903469392,
      -1.8178295463048568,
      -1.8131685426423836,
      -1.8102531366500798,
      -1.8088128024643255,
      -1.8129047017882554,
      -1.8180936546870992,
      -1.814840925943409,
      -1.7999032787557343,
      -1.7889831283135231,
      -1.7948852169822558,
      -1.8007632530428124,
      -1.8072327730204418,
      -1.8062359769124252
    ]
  },
  "winding_resistance": 0.8752399223185999,
  "inductance": 0.0006740879760142615,
  "pid_dq_kp": 0.2,
  "pid_dq_ki": 259.68121475588606,
  "torque_bw_hz": 47.22082243120389,
  "encoder_filter_bw_hz": 100,
  "encoder_filter_kp": 1256.6370614359173,
  "encoder_filter_ki": 394784.17604357435,
  "v_per_hz": 0.3874829688559716,
  "kv": 77.42275767261161,
  "unwrapped_position_scale": 1.0
}
