{
  "timestamp": "2021-08-07 03:25:52.117673",
  "device_info": {
    "serial_number": "AEUANjdTUA0gMjlC",
    "model": "600",
    "git_hash": "33ce490dd994e5008ae6fe8a5d8dd079a4848503",
    "git_dirty": false,
    "git_timestamp": 1620087252,
    "uuid": "6c711216-32ec-40e2-bb93-ee0a1a942232"
  },
  "calibration": {
    "invert": false,
    "phase_invert": false,
    "poles": 14,
    "offset": [
      -2.3462998103583597,
      -2.3489305337083057,
      -2.3686131042520984,
      -2.3700979748876203,
      -2.363609297942812,
      -2.3877530830682114,
      -2.406912962915243,
      -2.4075560677342724,
      -2.4011000082039713,
      -2.378041779656876,
      -2.3645503042204665,
      -2.3610306540870067,
      -2.359777576442773,
      -2.3567054167967245,
      -2.3435985567465636,
      -2.34564634785073,
      -2.34901249422424,
      -2.3475583989882503,
      -2.353871744876554,
      -2.3391968226181343,
      -2.3260563557869918,
      -2.3327149703808527,
      -2.320107294578956,
      -2.3043134494054525,
      -2.2869563319953063,
      -2.268941921958943,
      -2.2887098840236764,
      -2.300148832725826,
      -2.3142817898152113,
      -2.3106474050750885,
      -2.2822522124152314,
      -2.2696080225038524,
      -2.27415628772196,
      -2.274862082046489,
      -2.283106983526214,
      -2.2791748121162154,
      -2.277364103514928,
      -2.2899262403937937,
      -2.2935796773394603,
      -2.2998018066408696,
      -2.288433644928564,
      -2.2677222931834686,
      -2.2628697241433384,
      -2.2560598097454427,
      -2.250155573655314,
      -2.2541697944963266,
      -2.231767767236489,
      -2.2332872104435846,
      -2.2464474584603433,
      -2.2376116267119186,
      -2.2529166321835707,
      -2.264509272164223,
      -2.2721598823179048,
      -2.2893618588123776,
      -2.3007530282216173,
      -2.281312376958936,
      -2.25693920455079,
      -2.2529619416565514,
      -2.274159484041114,
      -2.2900102236744626,
      -2.3206251500606183,
      -2.3298712967147375,
      -2.312584307491429,
      -2.321209204855041
    ]
  },
  "winding_resistance": 0.6531162217887384,
  "inductance": 0.0007397878174583253,
  "pid_dq_kp": 0.20000000000000004,
  "pid_dq_ki": 176.56852583289012,
  "torque_bw_hz": 43.027186805725165,
  "encoder_filter_bw_hz": 100,
  "encoder_filter_kp": 1256.6370614359173,
  "encoder_filter_ki": 394784.17604357435,
  "v_per_hz": 0.3902768472640614,
  "kv": 76.86851067468523,
  "unwrapped_position_scale": 1.0
}
