{
  "timestamp": "2021-07-29 03:51:04.211107",
  "device_info": {
    "serial_number": "AEUARzdTUA0gMjlC",
    "model": "600",
    "git_hash": "33ce490dd994e5008ae6fe8a5d8dd079a4848503",
    "git_dirty": false,
    "git_timestamp": 1620087252,
    "uuid": "f74050cd-d8ae-405b-bba2-76605330beb8"
  },
  "calibration": {
    "invert": false,
    "phase_invert": false,
    "poles": 14,
    "offset": [
      -1.7852108464103236,
      -1.784775832817997,
      -1.795766332725882,
      -1.7939389077351586,
      -1.7934179704760493,
      -1.7882468981980768,
      -1.778905665201133,
      -1.790115572657735,
      -1.8015059189455433,
      -1.8005125663249082,
      -1.7942019522168826,
      -1.78775693366555,
      -1.7843352857351618,
      -1.7899948022000227,
      -1.7947401110062562,
      -1.7893810236597054,
      -1.7875219250584062,
      -1.7943525926888804,
      -1.8026765122633848,
      -1.8069701032806313,
      -1.812383951359947,
      -1.8039090682758345,
      -1.795868847775465,
      -1.8057802617936647,
      -1.8085852498206292,
      -1.8071067219429344,
      -1.8058297772722434,
      -1.7973917471921483,
      -1.7969410826072019,
      -1.8055498723597299,
      -1.8043096870578113,
      -1.7956919155268871,
      -1.7919780882399157,
      -1.788707966508358,
      -1.7950902585609165,
      -1.8037054258276883,
      -1.80352418842939,
      -1.7968353288717573,
      -1.7951291660730382,
      -1.7997053224365078,
      -1.796609879938825,
      -1.7983213149282125,
      -1.7910815057482474,
      -1.7838011282139947,
      -1.7940518780947239,
      -1.8060300302304642,
      -1.804868966661737,
      -1.8018784854770336,
      -1.792253754667484,
      -1.7875283502739547,
      -1.7992274752587305,
      -1.8020498620794327,
      -1.7965482888676687,
      -1.7918364859110536,
      -1.7872236968921198,
      -1.7910079402592594,
      -1.7955153222752926,
      -1.7900128576114975,
      -1.7746260559101117,
      -1.7664585407989886,
      -1.7746619645628685,
      -1.7857103334681734,
      -1.7955949062102035,
      -1.7951318909948468
    ]
  },
  "winding_resistance": 0.5331130505648013,
  "inductance": 0.0006170617091990146,
  "pid_dq_kp": 0.2,
  "pid_dq_ki": 172.79083845822032,
  "torque_bw_hz": 51.58477368446297,
  "encoder_filter_bw_hz": 103.16954736892593,
  "encoder_filter_kp": 1296.4667683536074,
  "encoder_filter_ki": 420206.5203613116,
  "v_per_hz": 0.36087477641852944,
  "kv": 83.13132964773102,
  "unwrapped_position_scale": 1.0
}
