{
  "timestamp": "2021-08-07 03:22:10.682162",
  "device_info": {
    "serial_number": "AD0ALzdTUA0gMjlC",
    "model": "600",
    "git_hash": "33ce490dd994e5008ae6fe8a5d8dd079a4848503",
    "git_dirty": false,
    "git_timestamp": 1620087252,
    "uuid": "78f1b2de-c37b-4932-a5e4-9bf699bea7ab"
  },
  "calibration": {
    "invert": false,
    "phase_invert": false,
    "poles": 14,
    "offset": [
      1.3416216776637477,
      1.3392279166921646,
      1.3349516617664376,
      1.3239671608056889,
      1.3254085159958227,
      1.3389616640125352,
      1.3392449294107116,
      1.3335270316877472,
      1.3361769367433651,
      1.3353352548889297,
      1.3529619502247363,
      1.362465619488924,
      1.3459103678019662,
      1.3364334931151671,
      1.331895890134532,
      1.3422865146240748,
      1.3552249974481774,
      1.3526596448647412,
      1.3392233473131256,
      1.3281407081489223,
      1.3332618075974985,
      1.3402708686713403,
      1.3394415903207775,
      1.3321177427703053,
      1.3208633406751138,
      1.3149232607772228,
      1.3309494362262257,
      1.3367192527054668,
      1.3269228870276453,
      1.328054954064576,
      1.3205741254281818,
      1.3306726633793164,
      1.343604102910107,
      1.3409970214148128,
      1.336961603501743,
      1.3390756531119372,
      1.3449783811770808,
      1.3531331425142932,
      1.3572163437888127,
      1.342608340349092,
      1.3319676442255595,
      1.3323178131215996,
      1.3430144830522355,
      1.3424711126755386,
      1.3353330603979503,
      1.33037196107194,
      1.321135795845329,
      1.3332893485078738,
      1.341896064284406,
      1.3290338502346144,
      1.3184361275531478,
      1.3071495067477708,
      1.305249433199658,
      1.3184277110548885,
      1.3207373024004336,
      1.3051694803794258,
      1.3011024117589962,
      1.2978986310152976,
      1.3063437894846608,
      1.315976666501267,
      1.3115257175016688,
      1.3077061578244866,
      1.3077753847116464,
      1.3295253705769094
    ]
  },
  "winding_resistance": 0.6302972542101565,
  "inductance": 0.0006062923663111774,
  "pid_dq_kp": 0.20000000000000004,
  "pid_dq_ki": 207.9185849048473,
  "torque_bw_hz": 52.50105458534164,
  "encoder_filter_bw_hz": 105.00210917068328,
  "encoder_filter_kp": 1319.4954191282081,
  "encoder_filter_ki": 435267.0402750814,
  "v_per_hz": 0.3367525062510196,
  "kv": 89.08619666704907,
  "unwrapped_position_scale": 1.0
}
