{
  "timestamp": "2021-06-21 16:05:18.533331",
  "device_info": {
    "serial_number": "AEUARzdTUA0gMjlC",
    "model": "600",
    "git_hash": "33ce490dd994e5008ae6fe8a5d8dd079a4848503",
    "git_dirty": false,
    "git_timestamp": 1620087252,
    "uuid": "f74050cd-d8ae-405b-bba2-76605330beb8"
  },
  "calibration": {
    "invert": false,
    "phase_invert": false,
    "poles": 14,
    "offset": [
      -1.8058802900956796,
      -1.8045100933265625,
      -1.8148068115481821,
      -1.811354865093557,
      -1.80867180853114,
      -1.802298904646867,
      -1.7924444833294957,
      -1.8021423616454544,
      -1.8134674948402256,
      -1.8115087825014857,
      -1.8048393966570366,
      -1.798947082507486,
      -1.7951509214144312,
      -1.7990827434644534,
      -1.8030126196663658,
      -1.7958963396388274,
      -1.791047738924983,
      -1.7946850543303656,
      -1.8003785003085457,
      -1.8040283941442514,
      -1.8046884726245502,
      -1.7925152079777278,
      -1.7820562953303651,
      -1.7887907215863563,
      -1.7895914304251768,
      -1.7893751552436923,
      -1.7902437582670583,
      -1.7844655144121764,
      -1.7871264488530774,
      -1.796677034764124,
      -1.7946550393164697,
      -1.7872081716837533,
      -1.7849781037490409,
      -1.782772305056934,
      -1.7906715184745499,
      -1.8007350396392312,
      -1.800662951121979,
      -1.7925035583526,
      -1.7909999663031984,
      -1.7970065974693965,
      -1.795595896333772,
      -1.797788362570274,
      -1.791956408422129,
      -1.7867610998361985,
      -1.7988039272994127,
      -1.8106245830087795,
      -1.8041745058988978,
      -1.80217527146912,
      -1.7937741916081422,
      -1.7903131593771737,
      -1.8034015750998782,
      -1.8176576733782357,
      -1.8134677685793676,
      -1.8107251457818503,
      -1.8091951266969257,
      -1.814040571531639,
      -1.8207404878807916,
      -1.818556767541887,
      -1.8039834579219016,
      -1.7948472785770988,
      -1.8020696732514152,
      -1.8086494638545132,
      -1.815847532523206,
      -1.8156570886794952
    ]
  },
  "winding_resistance": 1.4,
  "inductance": 0.0008402510341045722,
  "pid_dq_kp": 0.2,
  "pid_dq_ki": 290.4181954316452,
  "torque_bw_hz": 37.88271281605777,
  "encoder_filter_bw_hz": 100,
  "encoder_filter_kp": 1256.6370614359173,
  "encoder_filter_ki": 394784.17604357435,
  "v_per_hz": 0.4229067033678567,
  "kv": 70.93763177810193,
  "unwrapped_position_scale": 1.0
}
